c:\users\rawan\documents\visual studio 2015\projects\project1\project1\x64\debug\vc140.pdb
c:\users\rawan\documents\visual studio 2015\projects\project1\project1\x64\debug\.netframework,version=v4.5.2.assemblyattributes.obj
c:\users\rawan\documents\visual studio 2015\projects\project1\project1\x64\debug\.netframework,version=v4.5.2.assemblyattributes.asm
c:\users\rawan\documents\visual studio 2015\projects\project1\x64\debug\project1.exe
c:\users\rawan\documents\visual studio 2015\projects\project1\x64\debug\project1.pdb
c:\users\rawan\documents\visual studio 2015\projects\project1\project1\x64\debug\project1.myform.resources
c:\users\rawan\documents\visual studio 2015\projects\project1\project1\x64\debug\project1.res
c:\users\rawan\documents\visual studio 2015\projects\project1\project1\x64\debug\project1.vcxproj.generateresource.cache
c:\users\rawan\documents\visual studio 2015\projects\project1\project1\x64\debug\project1.vcxprojresolveassemblyreference.cache
c:\users\rawan\documents\visual studio 2015\projects\project1\project1\x64\debug\project1.tlog\cl.command.1.tlog
c:\users\rawan\documents\visual studio 2015\projects\project1\project1\x64\debug\project1.tlog\cl.read.1.tlog
c:\users\rawan\documents\visual studio 2015\projects\project1\project1\x64\debug\project1.tlog\cl.write.1.tlog
c:\users\rawan\documents\visual studio 2015\projects\project1\project1\x64\debug\project1.tlog\link.command.1.tlog
c:\users\rawan\documents\visual studio 2015\projects\project1\project1\x64\debug\project1.tlog\link.read.1.tlog
c:\users\rawan\documents\visual studio 2015\projects\project1\project1\x64\debug\project1.tlog\link.write.1.tlog
c:\users\rawan\documents\visual studio 2015\projects\project1\project1\x64\debug\project1.tlog\metagen.read.1.tlog
c:\users\rawan\documents\visual studio 2015\projects\project1\project1\x64\debug\project1.tlog\metagen.write.1.tlog
c:\users\rawan\documents\visual studio 2015\projects\project1\project1\x64\debug\project1.tlog\project1.write.1u.tlog
c:\users\rawan\documents\visual studio 2015\projects\project1\project1\x64\debug\project1.tlog\rc.command.1.tlog
c:\users\rawan\documents\visual studio 2015\projects\project1\project1\x64\debug\project1.tlog\rc.read.1.tlog
c:\users\rawan\documents\visual studio 2015\projects\project1\project1\x64\debug\project1.tlog\rc.write.1.tlog
c:\users\rawan\documents\visual studio 2015\projects\project1\project1\x64\debug\project1.tlog\tzres.dll.bi
